Build started 8/4/2014 9:40:42 AM.
     1>Project "G:\Github\HashMap\HashmapTests\HashmapTests.vcxproj" on node 3 (Build target(s)).
     1>ClCompile:
         C:\Program Files (x86)\Microsoft Visual Studio 12.0\VC\bin\CL.exe /c /I"C:\Users\jbrock\Documents\Github\HashMap\gtest-1.7.0\include" /ZI /nologo /W3 /WX- /sdl /Od /Oy- /D _MBCS /Gm /EHsc /RTC1 /MDd /GS /fp:precise /Zc:wchar_t /Zc:forScope /Fo"Debug\\" /Fd"Debug\vc120.pdb" /Gd /TP /analyze- /errorReport:prompt BucketItemUnitTests.cpp main.cpp
         main.cpp
     1>g:\github\hashmap\hashmaptests\main.cpp(2): fatal error C1083: Cannot open include file: 'gtest/gtest.h': No such file or directory
         BucketItemUnitTests.cpp
     1>g:\github\hashmap\hashmaptests\bucketitemunittests.cpp(2): fatal error C1083: Cannot open include file: 'BucketItem.h': No such file or directory
         Generating Code...
     1>Done Building Project "G:\Github\HashMap\HashmapTests\HashmapTests.vcxproj" (Build target(s)) -- FAILED.

Build FAILED.

Time Elapsed 00:00:00.43
